  Field.cpp
C:\Users\ingin\Documents\С++\Рычков Николай\TicTakToe\Field.cpp(4,53): warning C4244: 'argument': conversion from 'int' to 'T', possible loss of data
C:\Users\ingin\Documents\С++\Рычков Николай\TicTakToe\Field.cpp(4,53): warning C4244:         with
C:\Users\ingin\Documents\С++\Рычков Николай\TicTakToe\Field.cpp(4,53): warning C4244:         [
C:\Users\ingin\Documents\С++\Рычков Николай\TicTakToe\Field.cpp(4,53): warning C4244:             T=float
C:\Users\ingin\Documents\С++\Рычков Николай\TicTakToe\Field.cpp(4,53): warning C4244:         ]
C:\Users\ingin\Documents\С++\Рычков Николай\TicTakToe\Field.cpp(4,42): warning C4244: 'argument': conversion from 'int' to 'T', possible loss of data
C:\Users\ingin\Documents\С++\Рычков Николай\TicTakToe\Field.cpp(4,42): warning C4244:         with
C:\Users\ingin\Documents\С++\Рычков Николай\TicTakToe\Field.cpp(4,42): warning C4244:         [
C:\Users\ingin\Documents\С++\Рычков Николай\TicTakToe\Field.cpp(4,42): warning C4244:             T=float
C:\Users\ingin\Documents\С++\Рычков Николай\TicTakToe\Field.cpp(4,42): warning C4244:         ]
C:\Users\ingin\Documents\С++\Рычков Николай\TicTakToe\Field.cpp(14,60): warning C4244: 'argument': conversion from 'int' to 'T', possible loss of data
C:\Users\ingin\Documents\С++\Рычков Николай\TicTakToe\Field.cpp(14,60): warning C4244:         with
C:\Users\ingin\Documents\С++\Рычков Николай\TicTakToe\Field.cpp(14,60): warning C4244:         [
C:\Users\ingin\Documents\С++\Рычков Николай\TicTakToe\Field.cpp(14,60): warning C4244:             T=float
C:\Users\ingin\Documents\С++\Рычков Николай\TicTakToe\Field.cpp(14,60): warning C4244:         ]
C:\Users\ingin\Documents\С++\Рычков Николай\TicTakToe\Field.cpp(14,45): warning C4244: 'argument': conversion from 'int' to 'T', possible loss of data
C:\Users\ingin\Documents\С++\Рычков Николай\TicTakToe\Field.cpp(14,45): warning C4244:         with
C:\Users\ingin\Documents\С++\Рычков Николай\TicTakToe\Field.cpp(14,45): warning C4244:         [
C:\Users\ingin\Documents\С++\Рычков Николай\TicTakToe\Field.cpp(14,45): warning C4244:             T=float
C:\Users\ingin\Documents\С++\Рычков Николай\TicTakToe\Field.cpp(14,45): warning C4244:         ]
  TicTacToe.cpp
  Generating Code...
  TicTacToe.vcxproj -> C:\Users\ingin\Documents\С++\Рычков Николай\TicTakToe\x64\Debug\TicTacToe.exe
